<?xml version="1.0" encoding="UTF-8"?>
<!-- Generated by org.testng.reporters.JUnitReportReporter -->
<testsuite skipped="0" hostname="Manoj-PC" name="tests.UnitTest1" tests="1" failures="0" timestamp="23 Apr 2017 18:35:51 GMT" time="0.015" errors="0">
  <testcase name="TestMethod1" time="0.015" classname="tests.UnitTest1"/>
</testsuite> <!-- tests.UnitTest1 -->
